2016-10-28 11:37:15,134   GET     301      11 ms  /
2016-10-28 11:37:15,141   GET     301       0 ms  /
2016-10-28 11:37:15,211   GET     200      65 ms  /3/Cloud
2016-10-28 11:37:15,223   GET     200       6 ms  /3/InitID
2016-10-28 11:37:15,453   GET     200       1 ms  /3/Cloud
2016-10-28 11:37:15,891   GET     200     433 ms  /3/Frames/frame_rdd_39
2016-10-28 11:38:03,453   GET     301       6 ms  /
2016-10-28 11:38:03,460   GET     301       0 ms  /
2016-10-28 11:38:03,466   GET     200       2 ms  /3/Cloud
2016-10-28 11:38:03,473   GET     200       1 ms  /3/InitID
2016-10-28 11:38:03,654   GET     200       0 ms  /3/Cloud
2016-10-28 11:38:04,110   GET     200     449 ms  /3/Frames/frame_rdd_46
2016-10-28 11:38:15,697   GET     301       1 ms  /
2016-10-28 11:38:15,702   GET     301       1 ms  /
2016-10-28 11:38:15,708   GET     200       2 ms  /3/Cloud
2016-10-28 11:38:15,715   GET     200       1 ms  /3/InitID
2016-10-28 11:38:15,783   GET     200       1 ms  /3/Cloud
2016-10-28 11:38:16,006   GET     200     217 ms  /3/Frames/frame_rdd_51
2016-10-28 11:39:45,414   GET     200       1 ms  /3/Cloud
2016-10-28 11:39:45,546   GET     200     115 ms  /3/ModelBuilders/kmeans
2016-10-28 11:39:45,565   GET     200       1 ms  /3/Cloud
2016-10-28 11:39:45,706   POST    200     135 ms  /3/ModelBuilders/kmeans
2016-10-28 11:39:45,754   GET     200       4 ms  /3/Jobs/$03017f00000132d4ffffffff$_84633ed0da3e6c7bc781b77922db469d
2016-10-28 11:39:46,762   GET     200       1 ms  /3/Jobs/$03017f00000132d4ffffffff$_84633ed0da3e6c7bc781b77922db469d
2016-10-28 11:39:46,772   GET     200       1 ms  /3/Cloud
2016-10-28 11:39:46,836   GET     200      58 ms  /3/Models/KMeans_model_R_1477647427014_1
2016-10-28 11:41:15,938   GET     200       1 ms  /3/Cloud
2016-10-28 11:41:15,983   GET     200      28 ms  /3/ModelBuilders/pca
2016-10-28 11:41:16,000   GET     200       1 ms  /3/Cloud
2016-10-28 11:41:16,032   POST    200      23 ms  /3/ModelBuilders/pca
2016-10-28 11:41:16,077   GET     200       1 ms  /3/Jobs/$03017f00000132d4ffffffff$_b258d179d500c7a59b26a14fcb64cb1
2016-10-28 11:41:17,088   GET     200       2 ms  /3/Jobs/$03017f00000132d4ffffffff$_b258d179d500c7a59b26a14fcb64cb1
2016-10-28 11:41:17,096   GET     200       2 ms  /3/Cloud
2016-10-28 11:41:17,117   GET     200      16 ms  /3/Models/PCA_model_R_1477647427014_2
2016-10-28 11:43:00,947   GET     301      10 ms  /
2016-10-28 11:43:00,963   GET     301       1 ms  /
2016-10-28 11:43:00,968   GET     200       1 ms  /3/Cloud
2016-10-28 11:43:00,975   GET     200       1 ms  /3/InitID
2016-10-28 11:43:01,082   GET     200       1 ms  /3/Cloud
2016-10-28 11:43:01,227   GET     200     140 ms  /3/Frames/frame_rdd_57
2016-10-28 11:43:38,884   GET     200       3 ms  /3/Cloud
2016-10-28 11:43:38,900   GET     200       1 ms  /3/Cloud
2016-10-28 11:43:39,048   POST    200     141 ms  /99/Rapids
2016-10-28 11:43:39,077   GET     200      23 ms  /3/Frames/RTMP_sid_8a78_1
2016-10-28 11:44:35,124   GET     200       2 ms  /3/Cloud
2016-10-28 11:44:35,145   GET     200       0 ms  /3/Cloud
2016-10-28 11:44:35,214   POST    200      64 ms  /99/Rapids
2016-10-28 11:44:35,417   GET     200     183 ms  /3/Frames/RTMP_sid_8a78_2
2016-10-28 11:44:35,485   GET     200       1 ms  /3/Cloud
2016-10-28 11:44:35,492   GET     200       0 ms  /3/Cloud
2016-10-28 11:44:35,509   POST    200      11 ms  /99/Rapids
2016-10-28 11:44:35,927   GET     200     395 ms  /3/Frames/RTMP_sid_8a78_4
2016-10-28 11:44:48,543   GET     200       1 ms  /3/Cloud
2016-10-28 11:44:48,558   GET     200       9 ms  /3/ModelBuilders/drf
2016-10-28 11:44:48,599   GET     200       1 ms  /3/Cloud
2016-10-28 11:44:48,656   POST    200      50 ms  /3/ModelBuilders/drf
2016-10-28 11:44:48,719   GET     200       1 ms  /3/Jobs/$03017f00000132d4ffffffff$_bbbba596abfb9cd3ca9b013364184c39
2016-10-28 11:44:49,738   GET     200       1 ms  /3/Jobs/$03017f00000132d4ffffffff$_bbbba596abfb9cd3ca9b013364184c39
2016-10-28 11:44:50,757   GET     200       1 ms  /3/Jobs/$03017f00000132d4ffffffff$_bbbba596abfb9cd3ca9b013364184c39
2016-10-28 11:44:51,766   GET     200       1 ms  /3/Jobs/$03017f00000132d4ffffffff$_bbbba596abfb9cd3ca9b013364184c39
2016-10-28 11:44:51,774   GET     200       1 ms  /3/Cloud
2016-10-28 11:44:51,821   GET     200      42 ms  /3/Models/DRF_model_R_1477647427014_3
2016-10-28 11:47:57,976   GET     200       6 ms  /3/Cloud
2016-10-28 11:47:58,026   GET     200      33 ms  /3/ModelBuilders/gbm
2016-10-28 11:47:58,138   GET     200       1 ms  /3/Cloud
2016-10-28 11:47:58,163   POST    200      19 ms  /3/ModelBuilders/gbm
2016-10-28 11:47:58,208   GET     200       1 ms  /3/Jobs/$03017f00000132d4ffffffff$_b6884891cdfe3451eb65f16cc3374110
2016-10-28 11:47:59,217   GET     200       1 ms  /3/Jobs/$03017f00000132d4ffffffff$_b6884891cdfe3451eb65f16cc3374110
2016-10-28 11:48:00,226   GET     200       1 ms  /3/Jobs/$03017f00000132d4ffffffff$_b6884891cdfe3451eb65f16cc3374110
2016-10-28 11:48:00,238   GET     200       3 ms  /3/Cloud
2016-10-28 11:48:00,294   GET     200      40 ms  /3/Models/GBM_model_R_1477647427014_4
2016-10-28 11:52:16,607   GET     200       6 ms  /3/Cloud
2016-10-28 11:52:16,655   GET     200      42 ms  /3/ModelBuilders/gbm
2016-10-28 11:52:16,699   GET     200       1 ms  /3/Cloud
2016-10-28 11:52:16,716   POST    200      11 ms  /3/ModelBuilders/gbm
2016-10-28 11:52:16,857   GET     200       1 ms  /3/Cloud
2016-10-28 11:52:16,878   POST    200      15 ms  /99/Rapids
2016-10-28 11:52:16,953   GET     200       1 ms  /3/Jobs/$03017f00000132d4ffffffff$_81353fef7db62b94d9acaab1b09446a3
2016-10-28 11:52:17,978   GET     200       0 ms  /3/Jobs/$03017f00000132d4ffffffff$_81353fef7db62b94d9acaab1b09446a3
2016-10-28 11:52:18,986   GET     200       1 ms  /3/Jobs/$03017f00000132d4ffffffff$_81353fef7db62b94d9acaab1b09446a3
2016-10-28 11:52:18,994   GET     200       1 ms  /3/Cloud
2016-10-28 11:52:19,009   GET     200       8 ms  /3/Models/GBM_model_R_1477647427014_5
2016-10-28 11:58:25,394   GET     200       7 ms  /3/Cloud
2016-10-28 11:58:25,434   GET     200      31 ms  /3/ModelBuilders/drf
2016-10-28 11:58:25,497   GET     200       1 ms  /3/Cloud
2016-10-28 11:58:25,517   POST    200      10 ms  /3/ModelBuilders/drf
2016-10-28 11:58:25,609   GET     200       2 ms  /3/Jobs/$03017f00000132d4ffffffff$_82613305ddacdee162619bd0922e4f0f
2016-10-28 11:58:26,719   GET     200      12 ms  /3/Jobs/$03017f00000132d4ffffffff$_82613305ddacdee162619bd0922e4f0f
2016-10-28 11:58:26,801   GET     200       1 ms  /3/Cloud
2016-10-28 11:58:26,825   GET     200       6 ms  /3/Models/DRF_model_R_1477647427014_6
2016-10-28 12:08:17,588   GET     200       3 ms  /3/Cloud
2016-10-28 12:08:17,665   GET     200      64 ms  /3/ModelBuilders/deeplearning
2016-10-28 12:08:17,909   GET     200       1 ms  /3/Cloud
2016-10-28 12:08:17,972   POST    200      57 ms  /3/ModelBuilders/deeplearning
2016-10-28 12:08:18,146   GET     200       1 ms  /3/Jobs/$03017f00000132d4ffffffff$_b19eb543d0cb3d0065da7cd6c41745aa
2016-10-28 12:08:19,155   GET     200       1 ms  /3/Jobs/$03017f00000132d4ffffffff$_b19eb543d0cb3d0065da7cd6c41745aa
2016-10-28 12:08:19,164   GET     200       1 ms  /3/Cloud
2016-10-28 12:08:19,193   GET     200      14 ms  /3/Models/DeepLearning_model_R_1477647427014_7
2016-10-28 12:08:30,214   GET     200       2 ms  /3/Cloud
2016-10-28 12:08:30,285   POST    200      65 ms  /3/ModelMetrics/models/DeepLearning_model_R_1477647427014_7/frames/RTMP_sid_8a78_4
2016-10-28 12:18:13,352   GET     200       4 ms  /3/Cloud
2016-10-28 12:18:13,500   POST    200     137 ms  /99/Rapids
2016-10-28 12:18:13,545   GET     200       1 ms  /3/Cloud
2016-10-28 12:18:13,750   POST    200     197 ms  /99/Rapids
2016-10-28 12:18:13,757   GET     200       1 ms  /3/Cloud
2016-10-28 12:18:13,767   POST    200       1 ms  /99/Rapids
2016-11-09 11:26:24,010   GET     301      28 ms  /
2016-11-09 11:26:24,032   GET     301       1 ms  /
2016-11-09 11:26:24,128   GET     200      59 ms  /3/Cloud
2016-11-09 11:26:24,153   GET     200       6 ms  /3/InitID
2016-11-09 11:26:24,519   GET     200       2 ms  /3/Cloud
2016-11-09 11:26:24,866   GET     200     341 ms  /3/Frames/frame_rdd_97
2016-11-09 11:26:40,582   GET     301       0 ms  /
2016-11-09 11:26:40,610   GET     301       0 ms  /
2016-11-09 11:26:40,618   GET     200       1 ms  /3/Cloud
2016-11-09 11:26:40,626   GET     200       0 ms  /3/InitID
2016-11-09 11:26:40,871   GET     200       1 ms  /3/Cloud
2016-11-09 11:26:40,941   GET     200      60 ms  /3/Frames/frame_rdd_102
2016-11-09 11:26:52,226   GET     301       1 ms  /
2016-11-09 11:26:52,232   GET     301       1 ms  /
2016-11-09 11:26:52,238   GET     200       2 ms  /3/Cloud
2016-11-09 11:26:52,245   GET     200       1 ms  /3/InitID
2016-11-09 11:26:52,291   GET     200       0 ms  /3/Cloud
2016-11-09 11:26:52,442   GET     200     141 ms  /3/Frames/frame_rdd_107
2016-11-09 11:26:57,932   GET     200       1 ms  /3/Cloud
2016-11-09 11:26:58,002   GET     200      50 ms  /3/ModelBuilders/kmeans
2016-11-09 11:26:58,023   GET     200       1 ms  /3/Cloud
2016-11-09 11:26:58,094   POST    200      65 ms  /3/ModelBuilders/kmeans
2016-11-09 11:26:58,147   GET     200       3 ms  /3/Jobs/$03017f00000132d4ffffffff$_9bad5b616e8d1f19812159bb068443b1
2016-11-09 11:26:59,156   GET     200       2 ms  /3/Jobs/$03017f00000132d4ffffffff$_9bad5b616e8d1f19812159bb068443b1
2016-11-09 11:26:59,167   GET     200       1 ms  /3/Cloud
2016-11-09 11:26:59,218   GET     200      41 ms  /3/Models/KMeans_model_R_1478687175229_1
2016-11-09 11:27:05,530   GET     200       1 ms  /3/Cloud
2016-11-09 11:27:05,584   GET     200      33 ms  /3/ModelBuilders/pca
2016-11-09 11:27:05,599   GET     200       1 ms  /3/Cloud
2016-11-09 11:27:05,618   POST    200      14 ms  /3/ModelBuilders/pca
2016-11-09 11:27:05,637   GET     200       1 ms  /3/Jobs/$03017f00000132d4ffffffff$_ac721d972879382dcb998c0b0cb84a89
2016-11-09 11:27:06,645   GET     200       0 ms  /3/Jobs/$03017f00000132d4ffffffff$_ac721d972879382dcb998c0b0cb84a89
2016-11-09 11:27:06,652   GET     200       1 ms  /3/Cloud
2016-11-09 11:27:06,670   GET     200      13 ms  /3/Models/PCA_model_R_1478687175229_2
2016-11-09 11:27:30,138   GET     200       1 ms  /3/Cloud
2016-11-09 11:27:30,187   GET     200       1 ms  /3/Cloud
2016-11-09 11:27:30,303   POST    200     110 ms  /99/Rapids
2016-11-09 11:27:30,338   GET     200      24 ms  /3/Frames/RTMP_sid_8ab9_1
2016-11-09 11:27:36,492   GET     200       1 ms  /3/Cloud
2016-11-09 11:27:36,505   GET     200       1 ms  /3/Cloud
2016-11-09 11:27:36,575   POST    200      61 ms  /99/Rapids
2016-11-09 11:27:36,703   GET     200     122 ms  /3/Frames/RTMP_sid_8ab9_2
2016-11-09 11:27:36,776   GET     200       1 ms  /3/Cloud
2016-11-09 11:27:36,783   GET     200       0 ms  /3/Cloud
2016-11-09 11:27:36,803   POST    200      14 ms  /99/Rapids
2016-11-09 11:27:36,855   GET     200      42 ms  /3/Frames/RTMP_sid_8ab9_4
2016-11-09 11:27:36,883   GET     200       0 ms  /3/Cloud
2016-11-09 11:27:36,892   POST    200       3 ms  /99/Rapids
2016-11-09 11:27:41,070   GET     200       1 ms  /3/Cloud
2016-11-09 11:27:41,142   GET     200      41 ms  /3/ModelBuilders/drf
2016-11-09 11:27:41,182   GET     200       0 ms  /3/Cloud
2016-11-09 11:27:41,229   POST    200      40 ms  /3/ModelBuilders/drf
2016-11-09 11:27:41,298   GET     200       1 ms  /3/Jobs/$03017f00000132d4ffffffff$_bc67de8f52ad637f662677fb977f429a
2016-11-09 11:27:42,326   GET     200       1 ms  /3/Jobs/$03017f00000132d4ffffffff$_bc67de8f52ad637f662677fb977f429a
2016-11-09 11:27:43,334   GET     200       0 ms  /3/Jobs/$03017f00000132d4ffffffff$_bc67de8f52ad637f662677fb977f429a
2016-11-09 11:27:43,342   GET     200       1 ms  /3/Cloud
2016-11-09 11:27:43,367   GET     200      19 ms  /3/Models/DRF_model_R_1478687175229_3
2016-11-09 11:28:32,953   GET     200       4 ms  /3/Cloud
2016-11-09 11:28:33,065   GET     200      69 ms  /3/ModelBuilders/gbm
2016-11-09 11:28:33,128   GET     200       1 ms  /3/Cloud
2016-11-09 11:28:33,151   POST    200      12 ms  /3/ModelBuilders/gbm
2016-11-09 11:28:33,284   GET     200       1 ms  /3/Jobs/$03017f00000132d4ffffffff$_b5b103e00aef3d3c1e33c8d7bbb2471e
2016-11-09 11:28:34,317   GET     200       0 ms  /3/Jobs/$03017f00000132d4ffffffff$_b5b103e00aef3d3c1e33c8d7bbb2471e
2016-11-09 11:28:35,326   GET     200       0 ms  /3/Jobs/$03017f00000132d4ffffffff$_b5b103e00aef3d3c1e33c8d7bbb2471e
2016-11-09 11:28:35,334   GET     200       1 ms  /3/Cloud
2016-11-09 11:28:35,347   GET     200       8 ms  /3/Models/GBM_model_R_1478687175229_4
2016-11-09 11:30:04,322   GET     200       1 ms  /3/Cloud
2016-11-09 11:30:04,397   GET     200      45 ms  /3/ModelBuilders/deeplearning
2016-11-09 11:30:04,468   GET     200       0 ms  /3/Cloud
2016-11-09 11:30:04,505   POST    200      30 ms  /3/ModelBuilders/deeplearning
2016-11-09 11:30:04,586   GET     200       0 ms  /3/Jobs/$03017f00000132d4ffffffff$_8321fd7980cbac0c14d8eff0aac2456c
2016-11-09 11:30:05,595   GET     200       1 ms  /3/Jobs/$03017f00000132d4ffffffff$_8321fd7980cbac0c14d8eff0aac2456c
2016-11-09 11:30:05,603   GET     200       0 ms  /3/Cloud
2016-11-09 11:30:05,619   GET     200       9 ms  /3/Models/DeepLearning_model_R_1478687175229_5
2016-11-09 11:30:06,960   GET     200       1 ms  /3/Cloud
2016-11-09 11:30:06,999   POST    200      33 ms  /3/ModelMetrics/models/DeepLearning_model_R_1478687175229_5/frames/RTMP_sid_8ab9_4
2016-11-09 11:32:28,327   GET     200       2 ms  /3/Cloud
2016-11-09 11:32:28,411   GET     200      57 ms  /3/ModelBuilders/drf
2016-11-09 11:32:28,470   GET     200       1 ms  /3/Cloud
2016-11-09 11:32:28,481   POST    200       5 ms  /3/ModelBuilders/drf
2016-11-09 11:32:28,538   GET     200       1 ms  /3/Jobs/$03017f00000132d4ffffffff$_883e4e7562f44d287b88abab1d794fd9
2016-11-09 11:32:29,547   GET     200       1 ms  /3/Jobs/$03017f00000132d4ffffffff$_883e4e7562f44d287b88abab1d794fd9
2016-11-09 11:32:29,555   GET     200       1 ms  /3/Cloud
2016-11-09 11:32:29,565   GET     200       4 ms  /3/Models/DRF_model_R_1478687175229_6
2016-11-09 11:36:46,203   GET     200       4 ms  /3/Cloud
2016-11-09 11:36:46,285   GET     200      51 ms  /3/ModelBuilders/gbm
2016-11-09 11:36:46,412   GET     200       1 ms  /3/Cloud
2016-11-09 11:36:46,430   POST    200       9 ms  /3/ModelBuilders/gbm
2016-11-09 11:36:46,514   GET     200       1 ms  /3/Jobs/$03017f00000132d4ffffffff$_9a69577a2881920136b6a8b42fc846a3
2016-11-09 11:36:47,524   GET     200       2 ms  /3/Jobs/$03017f00000132d4ffffffff$_9a69577a2881920136b6a8b42fc846a3
2016-11-09 11:36:47,532   GET     200       0 ms  /3/Cloud
2016-11-09 11:36:47,543   GET     200       5 ms  /3/Models/GBM_model_R_1478687175229_7
2016-11-09 12:28:53,572   GET     200      18 ms  /3/Cloud
2016-11-09 12:28:53,896   POST    200     280 ms  /99/Rapids
2016-11-09 12:28:53,908   GET     200       1 ms  /3/Cloud
2016-11-09 12:28:54,096   POST    200     179 ms  /99/Rapids
2016-11-09 12:28:54,108   GET     200       1 ms  /3/Cloud
2016-11-09 12:28:54,150   POST    200      26 ms  /99/Rapids
2016-11-10 11:51:39,085   GET     301      32 ms  /
2016-11-10 11:51:39,104   GET     301       0 ms  /
2016-11-10 11:51:39,162   GET     200      53 ms  /3/Cloud
2016-11-10 11:51:39,193   GET     200       7 ms  /3/InitID
2016-11-10 11:51:39,665   GET     200       1 ms  /3/Cloud
2016-11-10 11:51:39,926   GET     200     254 ms  /3/Frames/frame_rdd_87
2016-11-10 11:51:40,009   GET     301       0 ms  /
2016-11-10 11:51:40,015   GET     301       0 ms  /
2016-11-10 11:51:40,028   GET     200       2 ms  /3/Cloud
2016-11-10 11:51:40,052   GET     200       1 ms  /3/InitID
2016-11-10 11:51:40,124   GET     200       1 ms  /3/Cloud
2016-11-10 11:51:40,570   GET     200     438 ms  /3/Frames/frame_rdd_92
2016-11-10 11:51:40,616   GET     200       1 ms  /3/Cloud
2016-11-10 11:51:40,674   GET     200      52 ms  /3/ModelBuilders/kmeans
2016-11-10 11:51:40,694   GET     200       1 ms  /3/Cloud
2016-11-10 11:51:40,759   POST    200      60 ms  /3/ModelBuilders/kmeans
2016-11-10 11:51:40,785   GET     200       3 ms  /3/Jobs/$03017f00000132d4ffffffff$_846f6d40ac393b505cbc6c89ef28489a
2016-11-10 11:51:41,793   GET     200       0 ms  /3/Jobs/$03017f00000132d4ffffffff$_846f6d40ac393b505cbc6c89ef28489a
2016-11-10 11:51:41,803   GET     200       1 ms  /3/Cloud
2016-11-10 11:51:41,981   GET     200     172 ms  /3/Models/KMeans_model_R_1478775090612_1
2016-11-10 11:51:42,053   GET     200       1 ms  /3/Cloud
2016-11-10 11:51:42,063   GET     200       3 ms  /3/ModelBuilders/pca
2016-11-10 11:51:42,085   GET     200       1 ms  /3/Cloud
2016-11-10 11:51:42,103   POST    200      12 ms  /3/ModelBuilders/pca
2016-11-10 11:51:42,143   GET     200       0 ms  /3/Jobs/$03017f00000132d4ffffffff$_af98c15904518ee73c0cda37b9fd4bd9
2016-11-10 11:51:43,153   GET     200       1 ms  /3/Jobs/$03017f00000132d4ffffffff$_af98c15904518ee73c0cda37b9fd4bd9
2016-11-10 11:51:43,161   GET     200       1 ms  /3/Cloud
2016-11-10 11:51:43,177   GET     200      10 ms  /3/Models/PCA_model_R_1478775090612_2
2016-11-10 11:53:00,240   GET     301      40 ms  /
2016-11-10 11:53:00,260   GET     301       1 ms  /
2016-11-10 11:53:00,265   GET     200       1 ms  /3/Cloud
2016-11-10 11:53:00,275   GET     200       1 ms  /3/InitID
2016-11-10 11:53:00,375   GET     200       1 ms  /3/Cloud
2016-11-10 11:53:00,458   GET     200      76 ms  /3/Frames/frame_rdd_107
2016-11-10 11:53:02,321   GET     200       1 ms  /3/Cloud
2016-11-10 11:53:02,335   GET     200       1 ms  /3/Cloud
2016-11-10 11:53:02,488   POST    200     141 ms  /99/Rapids
2016-11-10 11:53:02,519   GET     200      24 ms  /3/Frames/RTMP_sid_aa17_1
2016-11-10 11:53:10,213   GET     200       3 ms  /3/Cloud
2016-11-10 11:53:10,225   GET     200       1 ms  /3/Cloud
2016-11-10 11:53:10,250   POST    200      17 ms  /99/Rapids
2016-11-10 11:53:10,266   GET     200       9 ms  /3/Frames/RTMP_sid_aa17_2
2016-11-10 11:53:10,346   GET     200       1 ms  /3/Cloud
2016-11-10 11:53:10,353   GET     200       1 ms  /3/Cloud
2016-11-10 11:53:10,364   POST    200       6 ms  /99/Rapids
2016-11-10 11:53:10,376   GET     200       7 ms  /3/Frames/RTMP_sid_aa17_4
2016-11-10 11:53:11,604   GET     200       1 ms  /3/Cloud
2016-11-10 11:53:11,618   GET     200       7 ms  /3/ModelBuilders/drf
2016-11-10 11:53:11,657   GET     200       1 ms  /3/Cloud
2016-11-10 11:53:11,687   POST    200      24 ms  /3/ModelBuilders/drf
2016-11-10 11:53:11,759   GET     200       1 ms  /3/Jobs/$03017f00000132d4ffffffff$_bbd7036968d26a133da9adc21b4c4c31
2016-11-10 11:53:12,772   GET     200       1 ms  /3/Jobs/$03017f00000132d4ffffffff$_bbd7036968d26a133da9adc21b4c4c31
2016-11-10 11:53:13,780   GET     200       1 ms  /3/Jobs/$03017f00000132d4ffffffff$_bbd7036968d26a133da9adc21b4c4c31
2016-11-10 11:53:13,787   GET     200       1 ms  /3/Cloud
2016-11-10 11:53:13,822   GET     200      30 ms  /3/Models/DRF_model_R_1478775090612_3
2016-11-10 11:53:28,094   GET     200       1 ms  /3/Cloud
2016-11-10 11:53:28,200   GET     200      40 ms  /3/ModelBuilders/gbm
2016-11-10 11:53:28,238   GET     200       0 ms  /3/Cloud
2016-11-10 11:53:28,252   POST    200       8 ms  /3/ModelBuilders/gbm
2016-11-10 11:53:28,303   GET     200       1 ms  /3/Jobs/$03017f00000132d4ffffffff$_adfaea798a697b66575d8e06126e4fb1
2016-11-10 11:53:29,321   GET     200       1 ms  /3/Jobs/$03017f00000132d4ffffffff$_adfaea798a697b66575d8e06126e4fb1
2016-11-10 11:53:30,329   GET     200       1 ms  /3/Jobs/$03017f00000132d4ffffffff$_adfaea798a697b66575d8e06126e4fb1
2016-11-10 11:53:30,336   GET     200       0 ms  /3/Cloud
2016-11-10 11:53:30,350   GET     200       8 ms  /3/Models/GBM_model_R_1478775090612_4
2016-11-10 11:54:59,207   GET     200       1 ms  /3/Cloud
2016-11-10 11:54:59,411   POST    200     173 ms  /99/Rapids
2016-11-10 11:54:59,446   GET     200       1 ms  /3/Cloud
2016-11-10 11:54:59,549   POST    200      98 ms  /99/Rapids
2016-11-10 11:54:59,554   GET     200       1 ms  /3/Cloud
2016-11-10 11:54:59,570   POST    200       1 ms  /99/Rapids
2016-11-10 11:54:59,581   GET     200       1 ms  /3/Cloud
2016-11-10 11:54:59,586   POST    200       0 ms  /99/Rapids
2017-05-16 13:22:25,834   GET     301       8 ms  /
2017-05-16 13:22:25,868   GET     301       0 ms  /
2017-05-16 13:22:25,960   GET     200      83 ms  /3/Cloud
2017-05-16 13:22:25,993   GET     200       2 ms  /3/Cloud
2017-05-16 13:22:26,000   GET     200       1 ms  /3/Cloud
2017-05-16 13:22:26,024   GET     200       1 ms  /3/Cloud
2017-05-16 13:22:26,030   GET     200       1 ms  /3/Cloud
2017-05-16 13:22:26,036   GET     200       1 ms  /3/Cloud
2017-05-16 13:22:26,042   GET     200       0 ms  /3/Cloud
2017-05-16 13:56:39,060   GET     301       9 ms  /
2017-05-16 13:56:39,082   GET     301       1 ms  /
2017-05-16 13:56:39,150   GET     200      63 ms  /3/Cloud
2017-05-16 13:56:39,161   GET     200       1 ms  /3/Cloud
2017-05-16 13:56:39,168   GET     200       1 ms  /3/Cloud
2017-05-16 13:56:39,202   GET     200       1 ms  /3/Cloud
2017-05-16 13:56:39,208   GET     200       1 ms  /3/Cloud
2017-05-16 13:56:39,214   GET     200       1 ms  /3/Cloud
2017-05-16 13:56:39,220   GET     200       1 ms  /3/Cloud
2017-05-16 13:56:55,374   GET     301      16 ms  /
2017-05-16 13:56:55,403   GET     301       0 ms  /
2017-05-16 13:56:55,411   GET     200       1 ms  /3/Cloud
2017-05-16 13:56:55,417   GET     200       1 ms  /3/Cloud
2017-05-16 13:56:55,423   GET     200       1 ms  /3/Cloud
2017-05-16 13:56:55,429   GET     200       1 ms  /3/Cloud
2017-05-16 13:56:55,436   GET     200       1 ms  /3/Cloud
2017-05-16 13:56:55,442   GET     200       1 ms  /3/Cloud
2017-05-16 13:56:55,448   GET     200       1 ms  /3/Cloud
2017-05-16 13:57:13,674   GET     301      17 ms  /
2017-05-16 13:57:13,703   GET     301       0 ms  /
2017-05-16 13:57:13,709   GET     200       2 ms  /3/Cloud
2017-05-16 13:57:13,724   GET     200       6 ms  /3/InitID
2017-05-16 13:57:14,094   GET     200       2 ms  /3/Cloud
2017-05-16 13:57:14,213   GET     200     114 ms  /3/Frames/frame_rdd_45_aa1d2f92bc1c703f99f45b7b2b1846f3
2017-05-16 13:57:15,190   GET     301       1 ms  /
2017-05-16 13:57:15,195   GET     301       1 ms  /
2017-05-16 13:57:15,199   GET     200       0 ms  /3/Cloud
2017-05-16 13:57:15,206   GET     200       1 ms  /3/InitID
2017-05-16 13:57:15,362   GET     200       1 ms  /3/Cloud
2017-05-16 13:57:15,612   GET     200     245 ms  /3/Frames/frame_rdd_50_9f30491785ce0a58a8fe74cf0d7a40a7
2017-05-16 13:57:18,089   GET     200       1 ms  /3/Cloud
2017-05-16 13:57:18,130   GET     200      35 ms  /3/ModelBuilders/kmeans
2017-05-16 13:57:18,150   GET     200       1 ms  /3/Cloud
2017-05-16 13:57:18,226   POST    200      71 ms  /3/ModelBuilders/kmeans
2017-05-16 13:57:18,249   GET     200       4 ms  /3/Jobs/$03017f00000132d4ffffffff$_b4847ce4676935ac495e51a210ab44a5
2017-05-16 13:57:19,257   GET     200       0 ms  /3/Jobs/$03017f00000132d4ffffffff$_b4847ce4676935ac495e51a210ab44a5
2017-05-16 13:57:19,268   GET     200       1 ms  /3/Cloud
2017-05-16 13:57:19,307   GET     200      33 ms  /3/Models/KMeans_model_R_1494935791718_1
2017-05-16 13:57:25,982   GET     200       1 ms  /3/Cloud
2017-05-16 13:57:26,100   GET     200      64 ms  /3/ModelBuilders/pca
2017-05-16 13:57:26,114   GET     200       1 ms  /3/Cloud
2017-05-16 13:57:26,130   POST    200      11 ms  /3/ModelBuilders/pca
2017-05-16 13:57:26,149   GET     200       1 ms  /3/Jobs/$03017f00000132d4ffffffff$_9643f753355c0d9dc627583dd5c44d70
2017-05-16 13:57:27,156   GET     200       1 ms  /3/Jobs/$03017f00000132d4ffffffff$_9643f753355c0d9dc627583dd5c44d70
2017-05-16 13:57:27,162   GET     200       0 ms  /3/Cloud
2017-05-16 13:57:27,178   GET     200       9 ms  /3/Models/PCA_model_R_1494935791718_2
2017-05-16 13:57:45,845   GET     301       0 ms  /
2017-05-16 13:57:45,850   GET     301       1 ms  /
2017-05-16 13:57:45,854   GET     200       1 ms  /3/Cloud
2017-05-16 13:57:45,860   GET     200       1 ms  /3/Cloud
2017-05-16 13:57:45,865   GET     200       1 ms  /3/Cloud
2017-05-16 13:57:45,894   GET     200       0 ms  /3/Cloud
2017-05-16 13:57:45,899   GET     200       0 ms  /3/Cloud
2017-05-16 13:57:45,904   GET     200       0 ms  /3/Cloud
2017-05-16 13:57:45,909   GET     200       0 ms  /3/Cloud
2017-05-16 13:57:57,662   GET     301       1 ms  /
2017-05-16 13:57:57,666   GET     301       0 ms  /
2017-05-16 13:57:57,671   GET     200       1 ms  /3/Cloud
2017-05-16 13:57:57,679   GET     200       1 ms  /3/InitID
2017-05-16 13:57:57,723   GET     200       1 ms  /3/Cloud
2017-05-16 13:57:57,800   GET     200      72 ms  /3/Frames/frame_rdd_53_a74fe05b20ddec3b8de14907cb2e4b57
2017-05-16 13:58:03,715   GET     200       1 ms  /3/Cloud
2017-05-16 13:58:03,723   GET     200       1 ms  /3/Cloud
2017-05-16 13:58:03,859   POST    200     129 ms  /99/Rapids
2017-05-16 13:58:03,871   GET     200       4 ms  /3/Frames/RTMP_sid_9f93_1
2017-05-16 13:58:09,338   GET     200       1 ms  /3/Cloud
2017-05-16 13:58:09,345   GET     200       0 ms  /3/Cloud
2017-05-16 13:58:09,372   POST    200      19 ms  /99/Rapids
2017-05-16 13:58:09,387   GET     200      11 ms  /3/Frames/RTMP_sid_9f93_2
2017-05-16 13:58:09,450   GET     200       1 ms  /3/Cloud
2017-05-16 13:58:09,456   GET     200       1 ms  /3/Cloud
2017-05-16 13:58:09,474   POST    200      13 ms  /99/Rapids
2017-05-16 13:58:09,493   GET     200      15 ms  /3/Frames/RTMP_sid_9f93_4
2017-05-16 13:58:09,555   GET     200       1 ms  /3/Cloud
2017-05-16 13:58:09,566   GET     200       6 ms  /3/ModelBuilders/drf
2017-05-16 13:58:09,599   GET     200       0 ms  /3/Cloud
2017-05-16 13:58:09,608   GET     200       0 ms  /3/Cloud
2017-05-16 13:58:09,616   POST    200       3 ms  /99/Rapids
2017-05-16 13:58:09,644   POST    200      22 ms  /3/ModelBuilders/drf
2017-05-16 13:58:09,681   GET     200       1 ms  /3/Jobs/$03017f00000132d4ffffffff$_af77d69d7c5c4ec0eeef1a92b6624289
2017-05-16 13:58:10,688   GET     200       0 ms  /3/Jobs/$03017f00000132d4ffffffff$_af77d69d7c5c4ec0eeef1a92b6624289
2017-05-16 13:58:10,695   GET     200       1 ms  /3/Cloud
2017-05-16 13:58:10,712   GET     200      12 ms  /3/Models/DRF_model_R_1494935791718_3
2017-05-16 13:58:37,571   GET     200       1 ms  /3/Cloud
2017-05-16 13:58:37,657   GET     200      31 ms  /3/ModelBuilders/gbm
2017-05-16 13:58:37,694   GET     200       1 ms  /3/Cloud
2017-05-16 13:58:37,707   POST    200       8 ms  /3/ModelBuilders/gbm
2017-05-16 13:58:37,743   GET     200       0 ms  /3/Jobs/$03017f00000132d4ffffffff$_b5a63d2c1fe445bced7aaaadb0634c69
2017-05-16 13:58:38,751   GET     200       0 ms  /3/Jobs/$03017f00000132d4ffffffff$_b5a63d2c1fe445bced7aaaadb0634c69
2017-05-16 13:58:38,758   GET     200       1 ms  /3/Cloud
2017-05-16 13:58:38,771   GET     200       6 ms  /3/Models/GBM_model_R_1494935791718_4
2017-05-16 14:02:32,473   GET     200       6 ms  /3/Cloud
2017-05-16 14:02:32,560   POST    200      54 ms  /99/Rapids
2017-05-16 14:02:32,603   GET     200       0 ms  /3/Cloud
2017-05-16 14:02:32,657   POST    200      46 ms  /99/Rapids
2017-05-16 14:02:32,662   GET     200       1 ms  /3/Cloud
2017-05-16 14:02:32,669   POST    200       1 ms  /99/Rapids
