2017-05-16 14:11:46,260   GET     301       8 ms  /
2017-05-16 14:11:46,267   GET     301       0 ms  /
2017-05-16 14:11:46,334   GET     200      61 ms  /3/Cloud
2017-05-16 14:11:46,348   GET     200       7 ms  /3/InitID
2017-05-16 14:11:46,953   GET     200       2 ms  /3/Cloud
2017-05-16 14:11:47,070   GET     200     111 ms  /3/Frames/frame_rdd_45_b1759312ed79a9258781ada04f6341e5
2017-05-16 14:11:47,899   GET     301       0 ms  /
2017-05-16 14:11:47,906   GET     301       0 ms  /
2017-05-16 14:11:47,911   GET     200       1 ms  /3/Cloud
2017-05-16 14:11:47,917   GET     200       0 ms  /3/InitID
2017-05-16 14:11:47,982   GET     200       1 ms  /3/Cloud
2017-05-16 14:11:48,335   GET     200     348 ms  /3/Frames/frame_rdd_50_8f719a63174aed828affabbef0f94db5
2017-05-16 14:12:09,555   GET     200       1 ms  /3/Cloud
2017-05-16 14:12:09,629   GET     200      50 ms  /3/ModelBuilders/kmeans
2017-05-16 14:12:09,651   GET     200       1 ms  /3/Cloud
2017-05-16 14:12:09,725   POST    200      69 ms  /3/ModelBuilders/kmeans
2017-05-16 14:12:09,759   GET     200       9 ms  /3/Jobs/$03017f00000134d4ffffffff$_8e4fafc18e0f2d9c29584b69b66843e0
2017-05-16 14:12:10,772   GET     200       1 ms  /3/Jobs/$03017f00000134d4ffffffff$_8e4fafc18e0f2d9c29584b69b66843e0
2017-05-16 14:12:10,786   GET     200       1 ms  /3/Cloud
2017-05-16 14:12:10,850   GET     200      52 ms  /3/Models/KMeans_model_R_1494936693518_1
2017-05-16 14:12:15,827   GET     200       1 ms  /3/Cloud
2017-05-16 14:12:15,838   GET     200       5 ms  /3/ModelBuilders/pca
2017-05-16 14:12:15,854   GET     200       1 ms  /3/Cloud
2017-05-16 14:12:15,872   POST    200       9 ms  /3/ModelBuilders/pca
2017-05-16 14:12:15,888   GET     200       1 ms  /3/Jobs/$03017f00000134d4ffffffff$_a3a39549f3a794c81abbf62c5ad34c37
2017-05-16 14:12:16,895   GET     200       0 ms  /3/Jobs/$03017f00000134d4ffffffff$_a3a39549f3a794c81abbf62c5ad34c37
2017-05-16 14:12:16,905   GET     200       1 ms  /3/Cloud
2017-05-16 14:12:16,923   GET     200      10 ms  /3/Models/PCA_model_R_1494936693518_2
2017-05-16 14:12:22,400   GET     301       1 ms  /
2017-05-16 14:12:22,405   GET     301       1 ms  /
2017-05-16 14:12:22,410   GET     200       1 ms  /3/Cloud
2017-05-16 14:12:22,416   GET     200       0 ms  /3/InitID
2017-05-16 14:12:22,483   GET     200       0 ms  /3/Cloud
2017-05-16 14:12:22,599   GET     200     110 ms  /3/Frames/frame_rdd_53_8663e0e922404a17f7df5980675e4ebe
2017-05-16 14:12:27,179   GET     200       1 ms  /3/Cloud
2017-05-16 14:12:27,187   GET     200       1 ms  /3/Cloud
2017-05-16 14:12:27,279   POST    200      86 ms  /99/Rapids
2017-05-16 14:12:27,289   GET     200       5 ms  /3/Frames/RTMP_sid_896b_1
2017-05-16 14:12:42,434   GET     200       2 ms  /3/Cloud
2017-05-16 14:12:42,458   GET     200       1 ms  /3/Cloud
2017-05-16 14:12:42,540   POST    200      76 ms  /99/Rapids
2017-05-16 14:12:42,589   GET     200      44 ms  /3/Frames/RTMP_sid_896b_2
2017-05-16 14:12:42,651   GET     200       1 ms  /3/Cloud
2017-05-16 14:12:42,657   GET     200       1 ms  /3/Cloud
2017-05-16 14:12:42,687   POST    200      25 ms  /99/Rapids
2017-05-16 14:12:42,709   GET     200      14 ms  /3/Frames/RTMP_sid_896b_4
2017-05-16 14:12:42,769   GET     200       0 ms  /3/Cloud
2017-05-16 14:12:42,783   POST    200       9 ms  /99/Rapids
2017-05-16 14:12:50,175   GET     200       1 ms  /3/Cloud
2017-05-16 14:12:50,234   GET     200      24 ms  /3/ModelBuilders/drf
2017-05-16 14:12:50,268   GET     200       1 ms  /3/Cloud
2017-05-16 14:12:50,296   POST    200      23 ms  /3/ModelBuilders/drf
2017-05-16 14:12:50,334   GET     200       1 ms  /3/Jobs/$03017f00000134d4ffffffff$_9190fb89b613cb9c45a5c3c51a3e4171
2017-05-16 14:12:51,343   GET     200       0 ms  /3/Jobs/$03017f00000134d4ffffffff$_9190fb89b613cb9c45a5c3c51a3e4171
2017-05-16 14:12:51,349   GET     200       0 ms  /3/Cloud
2017-05-16 14:12:51,367   GET     200      13 ms  /3/Models/DRF_model_R_1494936693518_3
2017-05-16 14:13:52,118   GET     200       1 ms  /3/Cloud
2017-05-16 14:13:52,178   GET     200      43 ms  /3/ModelBuilders/gbm
2017-05-16 14:13:52,235   GET     200       1 ms  /3/Cloud
2017-05-16 14:13:52,252   POST    200      11 ms  /3/ModelBuilders/gbm
2017-05-16 14:13:52,291   GET     200       0 ms  /3/Jobs/$03017f00000134d4ffffffff$_a7b7aeda7b503a5d591d56d082fa4386
2017-05-16 14:13:53,306   GET     200       1 ms  /3/Jobs/$03017f00000134d4ffffffff$_a7b7aeda7b503a5d591d56d082fa4386
2017-05-16 14:13:53,312   GET     200       1 ms  /3/Cloud
2017-05-16 14:13:53,324   GET     200       7 ms  /3/Models/GBM_model_R_1494936693518_4
2017-05-16 14:18:57,258   POST    999      64 ms  /3/PostFile
2017-05-16 14:18:57,265   GET     200       2 ms  /3/Cloud
2017-05-16 14:18:57,303   POST    200      32 ms  /3/ParseSetup
2017-05-16 14:18:57,348   GET     200       1 ms  /3/Cloud
2017-05-16 14:18:57,419   POST    200      66 ms  /3/Parse
2017-05-16 14:18:57,426   GET     200       1 ms  /3/Jobs/$03017f00000134d4ffffffff$_92937df918e552154341a865f80c4f24
2017-05-16 14:18:57,433   GET     200       0 ms  /3/Cloud
2017-05-16 14:18:57,461   GET     200      12 ms  /3/Frames/iris
2017-05-16 14:19:02,607   POST    999       5 ms  /3/PostFile
2017-05-16 14:19:02,611   GET     200       0 ms  /3/Cloud
2017-05-16 14:19:02,621   POST    200       5 ms  /3/ParseSetup
2017-05-16 14:19:02,627   GET     200       1 ms  /3/Cloud
2017-05-16 14:19:02,639   POST    200       7 ms  /3/Parse
2017-05-16 14:19:02,646   GET     200       1 ms  /3/Jobs/$03017f00000134d4ffffffff$_ab5b1a4124d16ae8dce8aafd44bc4b06
2017-05-16 14:19:02,652   GET     200       1 ms  /3/Cloud
2017-05-16 14:19:02,661   GET     200       2 ms  /3/Frames/iris
2017-05-16 14:19:02,676   GET     200       0 ms  /3/Cloud
2017-05-16 14:19:02,691   GET     200       9 ms  /3/ModelBuilders/deeplearning
2017-05-16 14:19:02,750   GET     200       1 ms  /3/Cloud
2017-05-16 14:19:02,848   POST    200      92 ms  /3/ModelBuilders/deeplearning
2017-05-16 14:19:02,937   GET     200       1 ms  /3/Jobs/$03017f00000134d4ffffffff$_a02da55cf3e6c3e9d62df4346cdb41c6
2017-05-16 14:19:03,946   GET     200       0 ms  /3/Jobs/$03017f00000134d4ffffffff$_a02da55cf3e6c3e9d62df4346cdb41c6
2017-05-16 14:19:03,962   GET     200       1 ms  /3/Cloud
2017-05-16 14:19:03,975   GET     200       8 ms  /3/Models/DeepLearning_model_R_1494936693518_5
2017-05-16 14:19:04,079   GET     200       1 ms  /3/Cloud
2017-05-16 14:19:04,087   POST    200       2 ms  /4/Predictions/models/DeepLearning_model_R_1494936693518_5/frames/iris
2017-05-16 14:19:04,094   GET     200       1 ms  /3/Jobs/$03017f00000134d4ffffffff$_98aacd6f4ba83f9c5459d1d52dec4b3b
2017-05-16 14:19:05,102   GET     200       1 ms  /3/Jobs/$03017f00000134d4ffffffff$_98aacd6f4ba83f9c5459d1d52dec4b3b
2017-05-16 14:19:05,109   GET     200       1 ms  /3/Cloud
2017-05-16 14:19:05,121   GET     200       6 ms  /3/Frames/predictions_8ac4_DeepLearning_model_R_1494936693518_5_on_iris
2017-05-16 14:25:31,551   GET     200       4 ms  /3/Cloud
2017-05-16 14:25:31,597   GET     200      17 ms  /3/ModelBuilders/deeplearning
2017-05-16 14:25:31,791   GET     200       1 ms  /3/Cloud
2017-05-16 14:25:31,806   POST    200       9 ms  /3/ModelBuilders/deeplearning
2017-05-16 14:25:31,936   GET     200       3 ms  /3/Jobs/$03017f00000134d4ffffffff$_a3447f6fde8e461fafcc766f0ce4efb
2017-05-16 14:25:32,947   GET     200       2 ms  /3/Jobs/$03017f00000134d4ffffffff$_a3447f6fde8e461fafcc766f0ce4efb
2017-05-16 14:25:32,954   GET     200       1 ms  /3/Cloud
2017-05-16 14:25:32,965   GET     200       6 ms  /3/Models/DeepLearning_model_R_1494936693518_6
2017-05-16 14:26:24,728   GET     200       1 ms  /3/Cloud
2017-05-16 14:26:24,810   POST    200      42 ms  /4/Predictions/models/DeepLearning_model_R_1494936693518_6/frames/RTMP_sid_896b_2
2017-05-16 14:26:24,853   GET     200       1 ms  /3/Jobs/$03017f00000134d4ffffffff$_9a220d97ef27bcd38bac369f3254f05
2017-05-16 14:26:24,860   GET     200       1 ms  /3/Cloud
2017-05-16 14:26:24,877   GET     200      12 ms  /3/Frames/predictions_a04d_DeepLearning_model_R_1494936693518_6_on_RTMP_sid_896b_2
2017-05-16 14:28:24,527   GET     200       6 ms  /3/Cloud
2017-05-16 14:28:24,627   POST    200      37 ms  /99/Rapids
2017-05-16 14:28:24,632   GET     200       0 ms  /3/Cloud
2017-05-16 14:28:24,644   GET     200       6 ms  /3/Frames/RTMP_sid_896b_7
2017-05-16 14:28:24,671   GET     200       0 ms  /3/Cloud
2017-05-16 14:28:24,679   GET     200       2 ms  /3/Frames/RTMP_sid_896b_7
2017-05-16 14:28:24,719   GET     200       1 ms  /3/Cloud
2017-05-16 14:28:24,731   GET     200       7 ms  /3/Frames/RTMP_sid_896b_7
2017-05-16 14:28:24,789   GET     200       1 ms  /3/Cloud
2017-05-16 14:28:24,797   GET     200       2 ms  /3/Frames/RTMP_sid_896b_7
2017-05-16 14:28:24,827   GET     200       1 ms  /3/Cloud
2017-05-16 14:28:24,835   GET     200       3 ms  /3/Frames/RTMP_sid_896b_7
2017-05-16 14:28:24,863   GET     200       1 ms  /3/Cloud
2017-05-16 14:28:24,871   GET     200       2 ms  /3/Frames/RTMP_sid_896b_7
2017-05-16 14:28:27,605   GET     200       1 ms  /3/Cloud
2017-05-16 14:28:27,614   POST    200       1 ms  /99/Rapids
2017-05-16 14:28:27,619   GET     200       1 ms  /3/Cloud
2017-05-16 14:28:27,626   GET     200       2 ms  /3/Frames/RTMP_sid_896b_8
2017-05-16 14:31:04,961   GET     200       1 ms  /3/Cloud
2017-05-16 14:31:05,043   GET     200      42 ms  /3/ModelBuilders/deeplearning
2017-05-16 14:31:05,105   GET     200       1 ms  /3/Cloud
2017-05-16 14:31:05,121   POST    200       8 ms  /3/ModelBuilders/deeplearning
2017-05-16 14:31:05,202   GET     200       2 ms  /3/Cloud
2017-05-16 14:31:05,220   POST    200       1 ms  /99/Rapids
2017-05-16 14:31:05,226   GET     200       1 ms  /3/Cloud
2017-05-16 14:31:05,380   POST    200     149 ms  /99/Rapids
2017-05-16 14:31:05,422   GET     200       1 ms  /3/Jobs/$03017f00000134d4ffffffff$_8fb31a3baac6f647857d0054e5024f2e
2017-05-16 14:31:06,430   GET     200       0 ms  /3/Jobs/$03017f00000134d4ffffffff$_8fb31a3baac6f647857d0054e5024f2e
2017-05-16 14:31:06,436   GET     200       1 ms  /3/Cloud
2017-05-16 14:31:06,452   GET     200      10 ms  /3/Models/DeepLearning_model_R_1494936693518_7
2017-05-16 14:36:13,133   GET     200       7 ms  /3/Cloud
2017-05-16 14:36:13,240   GET     200      54 ms  /3/ModelBuilders/deeplearning
2017-05-16 14:36:13,388   GET     200       1 ms  /3/Cloud
2017-05-16 14:36:13,410   POST    200      17 ms  /3/ModelBuilders/deeplearning
2017-05-16 14:36:13,725   GET     200       1 ms  /3/Jobs/$03017f00000134d4ffffffff$_8fb24b15e2d2950044d3e62c07c54ddb
2017-05-16 14:36:14,733   GET     200       2 ms  /3/Jobs/$03017f00000134d4ffffffff$_8fb24b15e2d2950044d3e62c07c54ddb
2017-05-16 14:36:24,925   GET     200       1 ms  /3/Cloud
2017-05-16 14:36:24,992   GET     200      40 ms  /3/ModelBuilders/deeplearning
2017-05-16 14:36:25,047   GET     200       1 ms  /3/Cloud
2017-05-16 14:36:25,060   POST    200       8 ms  /3/ModelBuilders/deeplearning
2017-05-16 14:36:25,136   GET     200       1 ms  /3/Jobs/$03017f00000134d4ffffffff$_b49fb9fa5c13dfc9cabb964c8e134c76
2017-05-16 14:36:26,143   GET     200       1 ms  /3/Jobs/$03017f00000134d4ffffffff$_b49fb9fa5c13dfc9cabb964c8e134c76
2017-05-16 14:36:27,152   GET     200       1 ms  /3/Jobs/$03017f00000134d4ffffffff$_b49fb9fa5c13dfc9cabb964c8e134c76
2017-05-16 14:36:27,159   GET     200       1 ms  /3/Cloud
2017-05-16 14:36:27,172   GET     200       8 ms  /3/Models/DeepLearning_model_R_1494936693518_9
2017-05-16 14:36:53,753   GET     200       2 ms  /3/Cloud
2017-05-16 14:36:53,795   GET     200       9 ms  /3/ModelBuilders/deeplearning
2017-05-16 14:36:53,871   GET     200       1 ms  /3/Cloud
2017-05-16 14:36:53,882   POST    200       6 ms  /3/ModelBuilders/deeplearning
2017-05-16 14:36:53,997   GET     200       1 ms  /3/Jobs/$03017f00000134d4ffffffff$_be067ed727eb6a8efaefb126c854101
2017-05-16 14:36:55,007   GET     200       0 ms  /3/Jobs/$03017f00000134d4ffffffff$_be067ed727eb6a8efaefb126c854101
2017-05-16 14:36:56,016   GET     200       1 ms  /3/Jobs/$03017f00000134d4ffffffff$_be067ed727eb6a8efaefb126c854101
2017-05-16 14:36:56,023   GET     200       1 ms  /3/Cloud
2017-05-16 14:36:56,034   GET     200       6 ms  /3/Models/DeepLearning_model_R_1494936693518_10
2017-05-16 14:38:39,032   GET     200       6 ms  /3/Cloud
2017-05-16 14:38:39,080   POST    200      15 ms  /4/Predictions/models/DeepLearning_model_R_1494936693518_10/frames/RTMP_sid_896b_2
2017-05-16 14:38:39,129   GET     200       1 ms  /3/Jobs/$03017f00000134d4ffffffff$_b8106d9d6fbae03ed89be76493bf4fe1
2017-05-16 14:38:39,139   GET     200       1 ms  /3/Cloud
2017-05-16 14:38:39,154   GET     200       7 ms  /3/Frames/predictions_9919_DeepLearning_model_R_1494936693518_10_on_RTMP_sid_896b_2
2017-05-16 14:43:25,791   GET     200       8 ms  /3/Cloud
2017-05-16 14:43:25,880   GET     200      42 ms  /3/ModelBuilders/deeplearning
2017-05-16 14:43:26,047   GET     200       1 ms  /3/Cloud
2017-05-16 14:43:26,099   POST    200      46 ms  /3/ModelBuilders/deeplearning
2017-05-16 14:43:26,224   GET     200       0 ms  /3/Jobs/$03017f00000134d4ffffffff$_9e10f47b49fc82ab853cb4ff8e1a4cdb
2017-05-16 14:43:27,241   GET     200       0 ms  /3/Jobs/$03017f00000134d4ffffffff$_9e10f47b49fc82ab853cb4ff8e1a4cdb
2017-05-16 14:43:28,250   GET     200       1 ms  /3/Jobs/$03017f00000134d4ffffffff$_9e10f47b49fc82ab853cb4ff8e1a4cdb
2017-05-16 14:43:29,257   GET     200       1 ms  /3/Jobs/$03017f00000134d4ffffffff$_9e10f47b49fc82ab853cb4ff8e1a4cdb
2017-05-16 14:43:29,266   GET     200       1 ms  /3/Cloud
2017-05-16 14:43:29,280   GET     200       7 ms  /3/Models/DeepLearning_model_R_1494936693518_11
2017-05-16 14:43:30,668   GET     200       1 ms  /3/Cloud
2017-05-16 14:43:30,675   POST    200       1 ms  /4/Predictions/models/DeepLearning_model_R_1494936693518_11/frames/RTMP_sid_896b_2
2017-05-16 14:43:30,840   GET     200       1 ms  /3/Jobs/$03017f00000134d4ffffffff$_a43024fde5e1d8edd938f41df73e4896
2017-05-16 14:43:30,847   GET     200       1 ms  /3/Cloud
2017-05-16 14:43:30,865   GET     200      12 ms  /3/Frames/predictions_9526_DeepLearning_model_R_1494936693518_11_on_RTMP_sid_896b_2
2017-05-16 14:43:48,247   GET     200       1 ms  /3/Cloud
2017-05-16 14:43:48,535   GET     200     170 ms  /3/ModelBuilders/deeplearning
2017-05-16 14:43:48,595   GET     200       0 ms  /3/Cloud
2017-05-16 14:43:48,603   POST    200       4 ms  /3/ModelBuilders/deeplearning
2017-05-16 14:43:48,676   GET     200       0 ms  /3/Jobs/$03017f00000134d4ffffffff$_82a719cd1a6505532e0d5565996444ca
2017-05-16 14:43:49,690   GET     200       0 ms  /3/Jobs/$03017f00000134d4ffffffff$_82a719cd1a6505532e0d5565996444ca
2017-05-16 14:43:50,781   GET     200       1 ms  /3/Jobs/$03017f00000134d4ffffffff$_82a719cd1a6505532e0d5565996444ca
2017-05-16 14:43:50,787   GET     200       1 ms  /3/Cloud
2017-05-16 14:43:50,798   GET     200       6 ms  /3/Models/DeepLearning_model_R_1494936693518_12
2017-05-16 14:44:29,934   GET     200       0 ms  /3/Cloud
2017-05-16 14:44:30,040   POST    200      75 ms  /99/Rapids
2017-05-16 14:44:30,045   GET     200       0 ms  /3/Cloud
2017-05-16 14:44:30,052   POST    200       2 ms  /99/Rapids
2017-05-16 14:44:30,057   GET     200       1 ms  /3/Cloud
2017-05-16 14:44:30,062   POST    200       1 ms  /99/Rapids
2017-05-16 14:56:27,046   GET     301       8 ms  /
2017-05-16 14:56:27,064   GET     301       0 ms  /
2017-05-16 14:56:27,126   GET     200      57 ms  /3/Cloud
2017-05-16 14:56:27,149   GET     200       6 ms  /3/InitID
2017-05-16 14:56:27,705   GET     200       2 ms  /3/Cloud
2017-05-16 14:56:27,864   GET     200     154 ms  /3/Frames/frame_rdd_45_bd87f2d7644415bd4bc6aebd34d84383
2017-05-16 14:56:29,822   GET     301       1 ms  /
2017-05-16 14:56:29,829   GET     301       0 ms  /
2017-05-16 14:56:29,835   GET     200       1 ms  /3/Cloud
2017-05-16 14:56:29,844   GET     200       1 ms  /3/InitID
2017-05-16 14:56:29,930   GET     200       0 ms  /3/Cloud
2017-05-16 14:56:30,033   GET     200      97 ms  /3/Frames/frame_rdd_50_910c0e499e58833972b2d70b49fe4998
2017-05-16 14:56:53,546   GET     200       4 ms  /3/Cloud
2017-05-16 14:56:53,659   GET     200      72 ms  /3/ModelBuilders/kmeans
2017-05-16 14:56:53,687   GET     200       6 ms  /3/Cloud
2017-05-16 14:56:53,814   POST    200     115 ms  /3/ModelBuilders/kmeans
2017-05-16 14:56:53,837   GET     200       3 ms  /3/Jobs/$03017f00000134d4ffffffff$_ad14f3e70927baed9da0b75b8de9432f
2017-05-16 14:56:54,847   GET     200       1 ms  /3/Jobs/$03017f00000134d4ffffffff$_ad14f3e70927baed9da0b75b8de9432f
2017-05-16 14:56:54,856   GET     200       1 ms  /3/Cloud
2017-05-16 14:56:54,893   GET     200      28 ms  /3/Models/KMeans_model_R_1494939375876_1
2017-05-16 14:56:57,283   GET     200       1 ms  /3/Cloud
2017-05-16 14:56:57,292   GET     200       4 ms  /3/ModelBuilders/pca
2017-05-16 14:56:57,307   GET     200       1 ms  /3/Cloud
2017-05-16 14:56:57,324   POST    200      12 ms  /3/ModelBuilders/pca
2017-05-16 14:56:57,358   GET     200       0 ms  /3/Jobs/$03017f00000134d4ffffffff$_b8ced9e913605777ae3bd52942f4b09
2017-05-16 14:56:58,368   GET     200       1 ms  /3/Jobs/$03017f00000134d4ffffffff$_b8ced9e913605777ae3bd52942f4b09
2017-05-16 14:56:58,375   GET     200       1 ms  /3/Cloud
2017-05-16 14:56:58,392   GET     200      12 ms  /3/Models/PCA_model_R_1494939375876_2
2017-05-16 14:56:58,443   GET     301       0 ms  /
2017-05-16 14:56:58,448   GET     301       0 ms  /
2017-05-16 14:56:58,453   GET     200       1 ms  /3/Cloud
2017-05-16 14:56:58,459   GET     200       1 ms  /3/InitID
2017-05-16 14:56:58,505   GET     200       1 ms  /3/Cloud
2017-05-16 14:56:58,520   GET     200      10 ms  /3/Frames/frame_rdd_56_89e080c23f94d66647516da216b4a7b
2017-05-16 14:57:01,256   GET     200       1 ms  /3/Cloud
2017-05-16 14:57:01,263   GET     200       1 ms  /3/Cloud
2017-05-16 14:57:01,368   POST    200      99 ms  /99/Rapids
2017-05-16 14:57:01,399   GET     200      24 ms  /3/Frames/RTMP_sid_87d0_1
2017-05-16 14:57:02,619   GET     200       1 ms  /3/Cloud
2017-05-16 14:57:02,627   GET     200       1 ms  /3/Cloud
2017-05-16 14:57:02,646   POST    200      15 ms  /99/Rapids
2017-05-16 14:57:02,659   GET     200       9 ms  /3/Frames/RTMP_sid_87d0_2
2017-05-16 14:57:02,716   GET     200       0 ms  /3/Cloud
2017-05-16 14:57:02,722   GET     200       1 ms  /3/Cloud
2017-05-16 14:57:02,732   POST    200       6 ms  /99/Rapids
2017-05-16 14:57:02,745   GET     200       9 ms  /3/Frames/RTMP_sid_87d0_4
2017-05-16 14:57:04,820   GET     200       1 ms  /3/Cloud
2017-05-16 14:57:04,831   GET     200       6 ms  /3/ModelBuilders/drf
2017-05-16 14:57:04,863   GET     200       0 ms  /3/Cloud
2017-05-16 14:57:04,891   POST    200      23 ms  /3/ModelBuilders/drf
2017-05-16 14:57:04,923   GET     200       1 ms  /3/Jobs/$03017f00000134d4ffffffff$_a94071b04899678baffcb62cc2084259
2017-05-16 14:57:05,931   GET     200       0 ms  /3/Jobs/$03017f00000134d4ffffffff$_a94071b04899678baffcb62cc2084259
2017-05-16 14:57:06,940   GET     200       1 ms  /3/Jobs/$03017f00000134d4ffffffff$_a94071b04899678baffcb62cc2084259
2017-05-16 14:57:06,946   GET     200       0 ms  /3/Cloud
2017-05-16 14:57:06,965   GET     200      13 ms  /3/Models/DRF_model_R_1494939375876_3
2017-05-16 14:57:06,989   GET     200       1 ms  /3/Cloud
2017-05-16 14:57:06,997   POST    200       3 ms  /99/Rapids
2017-05-16 14:57:10,300   GET     200       0 ms  /3/Cloud
2017-05-16 14:57:10,308   GET     200       3 ms  /3/ModelBuilders/gbm
2017-05-16 14:57:10,347   GET     200       1 ms  /3/Cloud
2017-05-16 14:57:10,360   POST    200       8 ms  /3/ModelBuilders/gbm
2017-05-16 14:57:10,393   GET     200       0 ms  /3/Jobs/$03017f00000134d4ffffffff$_a69cdc3e5d17c0e86182456806964a8a
2017-05-16 14:57:11,403   GET     200       0 ms  /3/Jobs/$03017f00000134d4ffffffff$_a69cdc3e5d17c0e86182456806964a8a
2017-05-16 14:57:11,410   GET     200       1 ms  /3/Cloud
2017-05-16 14:57:11,421   GET     200       7 ms  /3/Models/GBM_model_R_1494939375876_4
2017-05-16 14:57:16,486   GET     200       1 ms  /3/Cloud
2017-05-16 14:57:16,497   GET     200       6 ms  /3/ModelBuilders/deeplearning
2017-05-16 14:57:16,554   GET     200       0 ms  /3/Cloud
2017-05-16 14:57:16,583   POST    200      24 ms  /3/ModelBuilders/deeplearning
2017-05-16 14:57:16,648   GET     200       0 ms  /3/Jobs/$03017f00000134d4ffffffff$_8f986adb3ad6d58fae032721b5a44f69
2017-05-16 14:57:17,655   GET     200       0 ms  /3/Jobs/$03017f00000134d4ffffffff$_8f986adb3ad6d58fae032721b5a44f69
2017-05-16 14:57:18,678   GET     200       1 ms  /3/Jobs/$03017f00000134d4ffffffff$_8f986adb3ad6d58fae032721b5a44f69
2017-05-16 14:57:19,685   GET     200       1 ms  /3/Jobs/$03017f00000134d4ffffffff$_8f986adb3ad6d58fae032721b5a44f69
2017-05-16 14:57:19,691   GET     200       1 ms  /3/Cloud
2017-05-16 14:57:19,706   GET     200       9 ms  /3/Models/DeepLearning_model_R_1494939375876_5
2017-05-16 14:57:21,216   GET     200       1 ms  /3/Cloud
2017-05-16 14:57:21,223   POST    200       2 ms  /4/Predictions/models/DeepLearning_model_R_1494939375876_5/frames/RTMP_sid_87d0_2
2017-05-16 14:57:21,228   GET     200       1 ms  /3/Jobs/$03017f00000134d4ffffffff$_801d66c1817a015665fe0209e8bc4da0
2017-05-16 14:57:21,234   GET     200       0 ms  /3/Cloud
2017-05-16 14:57:21,247   GET     200       7 ms  /3/Frames/predictions_925b_DeepLearning_model_R_1494939375876_5_on_RTMP_sid_87d0_2
2017-05-16 14:57:23,636   GET     200       1 ms  /3/Cloud
2017-05-16 14:57:23,658   GET     200      16 ms  /3/ModelBuilders/deeplearning
2017-05-16 14:57:23,723   GET     200       0 ms  /3/Cloud
2017-05-16 14:57:23,737   POST    200       7 ms  /3/ModelBuilders/deeplearning
2017-05-16 14:57:23,819   GET     200       1 ms  /3/Jobs/$03017f00000134d4ffffffff$_874263d7a48b25d4aa831b42d9da4312
2017-05-16 14:57:24,831   GET     200       1 ms  /3/Jobs/$03017f00000134d4ffffffff$_874263d7a48b25d4aa831b42d9da4312
2017-05-16 14:57:24,837   GET     200       1 ms  /3/Cloud
2017-05-16 14:57:24,848   GET     200       6 ms  /3/Models/DeepLearning_model_R_1494939375876_6
2017-05-16 14:57:37,583   GET     200       0 ms  /3/Cloud
2017-05-16 14:57:37,625   POST    200      15 ms  /4/Predictions/models/DeepLearning_model_R_1494939375876_6/frames/RTMP_sid_87d0_2
2017-05-16 14:57:37,631   GET     200       2 ms  /3/Jobs/$03017f00000134d4ffffffff$_a162328f37324c4e9d89079230b34d63
2017-05-16 14:57:37,639   GET     200       1 ms  /3/Cloud
2017-05-16 14:57:37,659   GET     200      15 ms  /3/Frames/predictions_8e27_DeepLearning_model_R_1494939375876_6_on_RTMP_sid_87d0_2
2017-05-16 14:59:10,792   GET     200       1 ms  /3/Cloud
2017-05-16 14:59:10,833   POST    200      23 ms  /99/Rapids
2017-05-16 14:59:10,838   GET     200       1 ms  /3/Cloud
2017-05-16 14:59:10,844   POST    200       2 ms  /99/Rapids
2017-05-16 14:59:10,848   GET     200       0 ms  /3/Cloud
2017-05-16 14:59:10,854   POST    200       1 ms  /99/Rapids
